<testsuites id="" name="" tests="1" failures="0" skipped="0" errors="0" time="8.06547599999979">
<testsuite name="TC_01_adobe_analytics.test.js" timestamp="2023-06-26T13:22:46.266Z" hostname="Chrome" tests="1" failures="0" skipped="0" time="7.339" errors="0">
<testcase name="Adobe Analytics Tracking Test › Capture Adobe Analytics &apos;b/ss&apos; event on clicking the Mobile &gt; Overview Tab." classname="TC_01_adobe_analytics.test.js" time="7.339">
<system-out>
<![CDATA[Formatted Json Request Body is: "AQB=1&ndh=1&pf=1&et=1&t=26%2F5%2F2023%2016%3A22%3A49%201%20-180&d.&nsid=0&jsonv=1&.d&sdid=4581CABDC91596D4-74EA70D24DC512AB&mid=66439426681201926451189693847387059565&aamlh=6&ce=UTF-8&pageName=resi%7Csales%7Cshop%7C%7Chome&g=https%3A%2F%2Fwww.xfinity.com%2Fnational%2F&c.&apl=4.0&inList=3.0&getTimeBetweenEvents=3.0&formatTime=2.0&.c&cc=USD&ch=shop&events=event125%3D2%2Cevent126&aamb=6G1ynYcLPuiQxYZrsz_pkqfLG9yMXBpb2zX5dvJdYQJzPXImdj0y&v1=new&l1=608A0F5E-7BC1-4B3E-BFF7-08624B3189C0%7C2C658D7B-8C8A-46EE-B710-1AA3F9A1D293%7C4D168AC7-55F5-4911-B7A7-535D76B29A85%7CCCF52941-CA82-4F26-B6C9-0A0AC5E6D1BC%7C8E95B548-F99A-4A23-B53C-4514D3082DEC%7C901639E3-9C32-496D-84DB-9A662BB2F0E2%7CDF19B0CD-A9B1-4B5F-ADAA-00C204F42BD3&l3=shop%3EXjsIconStackBlock%7C608A0F5E-7BC1-4B3E-BFF7-08624B3189C0%7C1e3e6de6-9cfd-4888-90e0-c05897bb7d92%2Cshop%3EXjsFullImage%7C2C658D7B-8C8A-46EE-B710-1AA3F9A1D293%7Ceae5353d-2152-4791-b5c9-bdd6bacf1304%2Cshop%3EXjs2UpImageIconGrid%7C4D168AC7-55F5-4911-B7A7-535D76B29A85%7C2d1f9a6f-6e37-43a1-a43a-6b75fa890b1e%2Cshop%3EXjs3UpImageIconGrid%7CCCF52941-CA82-4F26-B6C9-0A0AC5E6D1BC%7C1070515a-0725-45fa-ba0f-99be281f4f26%2Cshop%3EXjs3UpImageIconGrid%7C8E95B548-F99A-4A23-B53C-4514D3082DEC%7C50e26584-ac1a-4209-a2b4-83d22e79249d%2Cshop%3EXjsIconStackBlock%7C901639E3-9C32-496D-84DB-9A662BB2F0E2%7Cb8dd61e7-5873-4478-b912-c2fe81bc3c46%2Cshop%3EXjsFullImage%7CDF19B0CD-A9B1-4B5F-ADAA-00C204F42BD3%7Caef75ad0-9335-4d1f-8652-a8dfdd2d05f8&v13=%7C%7C%7C%7C%7C%7C&v18=No%20CC%20Cookie%7CNo%20ISP%20Value%7CNo%20RC.RLOC&v19=elisa-laajakaista.fi%7Celisa%20oyj%7Cnone&c25=resi%7Csales%7Cshop%7C%7Chome%7Cpage%20load&v25=true&v29=landscape%3Adesktop%20layout%3A1720x850&v37=D%3DpageName&c44=responsive%7Cdf%20learn%202&v44=responsive%7Cdf%20learn%202&c45=new&v46=New%20Visitor&c50=8602f3d4-ca22-400f-aacf-fa86154c06d7&v50=0ddcc1d9-1671-4689-b4a8-18aaa4a13225&v53=https%3A%2F%2Fwww.xfinity.com%2Fnational%2F&c55=resi%7Csales&c60=en&c73=AA%20Hosted%20by%20Adobe%20Launch%20%7C%2011182020&v86=unauthenticated%7Cip%20recognized&v91=nc&v99=comcast%7Cweb&v100=%7C%7C%7C%7C%7C%7C&v117=2.4.1&v122=1e3e6de6-9cfd-4888-90e0-c05897bb7d92%7Ceae5353d-2152-4791-b5c9-bdd6bacf1304%7C2d1f9a6f-6e37-43a1-a43a-6b75fa890b1e%7C1070515a-0725-45fa-ba0f-99be281f4f26%7C50e26584-ac1a-4209-a2b4-83d22e79249d%7Cb8dd61e7-5873-4478-b912-c2fe81bc3c46%7Caef75ad0-9335-4d1f-8652-a8dfdd2d05f8&v124=%7C%7C%7C%7C%7C%7C&v127=66439426681201926451189693847387059565&v130=%7C%7C%7C%7C%7C&v131=%7C%7C%7C%7C%7C%7C&v134=608A0F5E-7BC1-4B3E-BFF7-08624B3189C0%7C2C658D7B-8C8A-46EE-B710-1AA3F9A1D293%7C4D168AC7-55F5-4911-B7A7-535D76B29A85%7CCCF52941-CA82-4F26-B6C9-0A0AC5E6D1BC%7C8E95B548-F99A-4A23-B53C-4514D3082DEC%7C901639E3-9C32-496D-84DB-9A662BB2F0E2%7CDF19B0CD-A9B1-4B5F-ADAA-00C204F42BD3&v135=XjsIconStackBlock%7CXjsFullImage%7CXjs2UpImageIconGrid%7CXjs3UpImageIconGrid%7CXjs3UpImageIconGrid%7CXjsIconStackBlock%7CXjsFullImage&v141=%7C%7C%7C%7C%7C%7C&v146=2.0&v156=%3AInternet%7CMobile%7CTV%20%26%20Streaming%7CHome%20Security%7CHome%20Phone%7CBuild%20Your%20Plan%7CRewards%7CComcast%20Business&v158=false&v200=Residential%20%7C%20Shop%202.0%20%5E%2050%20%7C%20AA%20%7C%20All%20Pages%20%7C%20Global%20Page%20Load%20%7C%20DCR&s=1720x850&c=30&j=1.6&v=N&k=Y&bw=1720&bh=850&mcorgid=DA11332E5321D0550A490D45%40AdobeOrg&AQE=1"
Response Status is: [33mtrue[39m
Response Status code is: [33m200[39m
Request Url:  https://metrics.xfinity.com/b/ss/comcastdotcomprod/10/JS-2.22.0-LDQM/s64258896768582
Response Url:  https://metrics.xfinity.com/b/ss/comcastdotcomprod/10/JS-2.22.0-LDQM/s64258896768582
]]>
</system-out>
</testcase>
</testsuite>
</testsuites>